<?xml version="1.0" encoding="UTF-8"?>
<!-- Generated by org.testng.reporters.JUnitReportReporter -->
<testsuite hostname="BHISHMA" failures="0" tests="6" name="testCases.TC003_LoginDDT" time="31.902" errors="0" timestamp="2025-06-21T15:34:25 IST" skipped="0">
  <testcase classname="testCases.TC003_LoginDDT" name="verify_Login_DDT" time="2.257"/>
  <testcase classname="testCases.TC003_LoginDDT" name="verify_Login_DDT" time="2.297"/>
  <testcase classname="testCases.TC003_LoginDDT" name="verify_Login_DDT" time="2.794"/>
  <testcase classname="testCases.TC003_LoginDDT" name="verify_Login_DDT" time="2.394"/>
  <testcase classname="testCases.TC003_LoginDDT" name="verify_Login_DDT" time="10.760"/>
  <testcase classname="testCases.TC003_LoginDDT" name="verify_Login_DDT" time="11.400"/>
</testsuite> <!-- testCases.TC003_LoginDDT -->
