<?xml version="1.0" encoding="UTF-8"?>
<!-- Generated by org.testng.reporters.JUnitReportReporter -->
<testsuite hostname="BHISHMA" failures="0" tests="1" name="testCases.TC001_AccountRegistrationTest" time="6.531" errors="0" timestamp="2025-07-14T17:03:18 IST" skipped="0">
  <testcase classname="testCases.TC001_AccountRegistrationTest" name="verify_account_registation" time="6.531"/>
</testsuite> <!-- testCases.TC001_AccountRegistrationTest -->
